  [1m[35m (0.2ms)[0m  [1m[34mSELECT sqlite_version(*)[0m
  ↳ bin/rails:9
  [1m[35m (4.3ms)[0m  [1m[35mCREATE TABLE "schema_migrations" ("version" varchar NOT NULL PRIMARY KEY)[0m
  ↳ bin/rails:9
  [1m[35m (3.8ms)[0m  [1m[35mCREATE TABLE "ar_internal_metadata" ("key" varchar NOT NULL PRIMARY KEY, "value" varchar, "created_at" datetime NOT NULL, "updated_at" datetime NOT NULL)[0m
  ↳ bin/rails:9
  [1m[35m (0.2ms)[0m  [1m[34mSELECT "schema_migrations"."version" FROM "schema_migrations" ORDER BY "schema_migrations"."version" ASC[0m
  ↳ bin/rails:9
Migrating to CreateCats (20200103185745)
  [1m[35m (0.1ms)[0m  [1m[36mbegin transaction[0m
  ↳ bin/rails:9
  [1m[35m (5.2ms)[0m  [1m[35mCREATE TABLE "cats" ("id" integer PRIMARY KEY AUTOINCREMENT NOT NULL, "name" varchar NOT NULL, "birthdate" date NOT NULL, "age" integer NOT NULL, "color" varchar NOT NULL, "sex" varchar(1) NOT NULL, "description" text NOT NULL, "created_at" datetime NOT NULL, "updated_at" datetime NOT NULL)[0m
  ↳ db/migrate/20200103185745_create_cats.rb:3
  [1m[36mActiveRecord::SchemaMigration Create (1.7ms)[0m  [1m[32mINSERT INTO "schema_migrations" ("version") VALUES (?)[0m  [["version", "20200103185745"]]
  ↳ bin/rails:9
  [1m[35m (1.5ms)[0m  [1m[36mcommit transaction[0m
  ↳ bin/rails:9
  [1m[36mActiveRecord::InternalMetadata Load (0.4ms)[0m  [1m[34mSELECT  "ar_internal_metadata".* FROM "ar_internal_metadata" WHERE "ar_internal_metadata"."key" = ? LIMIT ?[0m  [["key", "environment"], ["LIMIT", 1]]
  ↳ bin/rails:9
  [1m[35m (0.1ms)[0m  [1m[36mbegin transaction[0m
  ↳ bin/rails:9
  [1m[36mActiveRecord::InternalMetadata Create (0.7ms)[0m  [1m[32mINSERT INTO "ar_internal_metadata" ("key", "value", "created_at", "updated_at") VALUES (?, ?, ?, ?)[0m  [["key", "environment"], ["value", "development"], ["created_at", "2020-01-03 19:03:04.902267"], ["updated_at", "2020-01-03 19:03:04.902267"]]
  ↳ bin/rails:9
  [1m[35m (0.9ms)[0m  [1m[36mcommit transaction[0m
  ↳ bin/rails:9
  [1m[35m (0.4ms)[0m  [1m[34mSELECT "schema_migrations"."version" FROM "schema_migrations" ORDER BY "schema_migrations"."version" ASC[0m
  ↳ bin/rails:9
  [1m[35m (0.2ms)[0m  [1m[34mSELECT "schema_migrations"."version" FROM "schema_migrations" ORDER BY "schema_migrations"."version" ASC[0m
  ↳ /usr/local/bin/annotate:23
  [1m[35m (0.1ms)[0m  [1m[36mbegin transaction[0m
  [1m[36mCat Create (3.1ms)[0m  [1m[32mINSERT INTO "cats" ("name", "birthdate", "color", "sex", "description", "created_at", "updated_at") VALUES (?, ?, ?, ?, ?, ?, ?)[0m  [["name", "Royal"], ["birthdate", "2006-07-01"], ["color", "gray"], ["sex", "M"], ["description", "He likes to watch birds"], ["created_at", "2020-01-03 19:39:17.865859"], ["updated_at", "2020-01-03 19:39:17.865859"]]
  [1m[35m (0.1ms)[0m  [1m[31mrollback transaction[0m
  [1m[35m (0.1ms)[0m  [1m[36mbegin transaction[0m
  [1m[36mCat Create (1.6ms)[0m  [1m[32mINSERT INTO "cats" ("name", "birthdate", "age", "color", "sex", "description", "created_at", "updated_at") VALUES (?, ?, ?, ?, ?, ?, ?, ?)[0m  [["name", "Royal"], ["birthdate", "2006-07-01"], ["age", 13], ["color", "gray"], ["sex", "M"], ["description", "He likes to watch birds"], ["created_at", "2020-01-03 19:39:17.865859"], ["updated_at", "2020-01-03 19:39:17.865859"]]
  [1m[35m (0.8ms)[0m  [1m[36mcommit transaction[0m
  [1m[35m (0.1ms)[0m  [1m[34mSELECT "schema_migrations"."version" FROM "schema_migrations" ORDER BY "schema_migrations"."version" ASC[0m
  ↳ bin/rails:9
Migrating to RemoveAgeFromCats (20200103194128)
  [1m[35m (0.1ms)[0m  [1m[36mbegin transaction[0m
  ↳ bin/rails:9
  [1m[35m (0.1ms)[0m  [1m[34mSELECT sqlite_version(*)[0m
  ↳ db/migrate/20200103194128_remove_age_from_cats.rb:3
  [1m[35m (0.3ms)[0m  [1m[35mCREATE TEMPORARY TABLE "acats" ("id" integer NOT NULL PRIMARY KEY, "name" varchar NOT NULL, "birthdate" date NOT NULL, "age" integer NOT NULL, "color" varchar NOT NULL, "sex" varchar(1) NOT NULL, "description" text NOT NULL, "created_at" datetime NOT NULL, "updated_at" datetime NOT NULL)[0m
  ↳ db/migrate/20200103194128_remove_age_from_cats.rb:3
  [1m[35m (0.1ms)[0m  [1m[32mINSERT INTO "acats" ("id","name","birthdate","age","color","sex","description","created_at","updated_at")
                     SELECT "id","name","birthdate","age","color","sex","description","created_at","updated_at" FROM "cats"[0m
  ↳ db/migrate/20200103194128_remove_age_from_cats.rb:3
  [1m[35m (0.6ms)[0m  [1m[35mDROP TABLE "cats"[0m
  ↳ db/migrate/20200103194128_remove_age_from_cats.rb:3
  [1m[35m (0.1ms)[0m  [1m[35mCREATE TABLE "cats" ("id" integer NOT NULL PRIMARY KEY, "name" varchar NOT NULL, "birthdate" date NOT NULL, "color" varchar NOT NULL, "sex" varchar(1) NOT NULL, "description" text NOT NULL, "created_at" datetime NOT NULL, "updated_at" datetime NOT NULL)[0m
  ↳ db/migrate/20200103194128_remove_age_from_cats.rb:3
  [1m[35m (0.1ms)[0m  [1m[32mINSERT INTO "cats" ("id","name","birthdate","color","sex","description","created_at","updated_at")
                     SELECT "id","name","birthdate","color","sex","description","created_at","updated_at" FROM "acats"[0m
  ↳ db/migrate/20200103194128_remove_age_from_cats.rb:3
  [1m[35m (0.1ms)[0m  [1m[35mDROP TABLE "acats"[0m
  ↳ db/migrate/20200103194128_remove_age_from_cats.rb:3
  [1m[36mActiveRecord::SchemaMigration Create (0.2ms)[0m  [1m[32mINSERT INTO "schema_migrations" ("version") VALUES (?)[0m  [["version", "20200103194128"]]
  ↳ bin/rails:9
  [1m[35m (13.3ms)[0m  [1m[36mcommit transaction[0m
  ↳ bin/rails:9
  [1m[36mActiveRecord::InternalMetadata Load (0.3ms)[0m  [1m[34mSELECT  "ar_internal_metadata".* FROM "ar_internal_metadata" WHERE "ar_internal_metadata"."key" = ? LIMIT ?[0m  [["key", "environment"], ["LIMIT", 1]]
  ↳ bin/rails:9
  [1m[35m (0.1ms)[0m  [1m[36mbegin transaction[0m
  ↳ bin/rails:9
  [1m[35m (0.2ms)[0m  [1m[36mcommit transaction[0m
  ↳ bin/rails:9
  [1m[35m (0.2ms)[0m  [1m[34mSELECT "schema_migrations"."version" FROM "schema_migrations" ORDER BY "schema_migrations"."version" ASC[0m
  ↳ bin/rails:9
  [1m[35m (0.2ms)[0m  [1m[34mSELECT "schema_migrations"."version" FROM "schema_migrations" ORDER BY "schema_migrations"."version" ASC[0m
  ↳ /usr/local/bin/annotate:23
Started GET "/cats" for ::1 at 2020-01-03 14:59:06 -0500
  [1m[35m (4.2ms)[0m  [1m[34mSELECT "schema_migrations"."version" FROM "schema_migrations" ORDER BY "schema_migrations"."version" ASC[0m
  ↳ /Library/Ruby/Gems/2.6.0/gems/activerecord-5.2.4.1/lib/active_record/log_subscriber.rb:98
Processing by CatsController#index as HTML
  Rendering cats/index.html.erb within layouts/application
  [1m[36mCat Load (0.7ms)[0m  [1m[34mSELECT "cats".* FROM "cats"[0m
  ↳ app/views/cats/index.html.erb:4
  Rendered cats/index.html.erb within layouts/application (244.3ms)
Completed 200 OK in 881ms (Views: 501.2ms | ActiveRecord: 2.5ms)


Started GET "/cats/1" for ::1 at 2020-01-03 14:59:21 -0500

AbstractController::ActionNotFound - The action 'show' could not be found for CatsController:

Started POST "/__better_errors/6bcd0dae42bae3ac/variables" for ::1 at 2020-01-03 14:59:21 -0500
Started GET "/cats" for ::1 at 2020-01-03 15:10:35 -0500
Processing by CatsController#index as HTML
  Rendering cats/index.html.erb within layouts/application
  [1m[36mCat Load (1.5ms)[0m  [1m[34mSELECT "cats".* FROM "cats"[0m
  ↳ app/views/cats/index.html.erb:4
  Rendered cats/index.html.erb within layouts/application (302.9ms)
Completed 200 OK in 403ms (Views: 318.1ms | ActiveRecord: 15.3ms)


Started GET "/cats/1" for ::1 at 2020-01-03 15:10:40 -0500
Processing by CatsController#show as HTML
  Parameters: {"id"=>"1"}
  [1m[36mCat Load (0.4ms)[0m  [1m[34mSELECT  "cats".* FROM "cats" WHERE "cats"."id" = ? LIMIT ?[0m  [["id", 1], ["LIMIT", 1]]
  ↳ app/controllers/cats_controller.rb:9
  Rendering cats/show.html.erb within layouts/application
  Rendered cats/show.html.erb within layouts/application (3.0ms)
Completed 200 OK in 39ms (Views: 33.1ms | ActiveRecord: 0.4ms)


Started GET "/cats/1" for ::1 at 2020-01-03 15:11:24 -0500
Processing by CatsController#show as HTML
  Parameters: {"id"=>"1"}
  [1m[36mCat Load (0.2ms)[0m  [1m[34mSELECT  "cats".* FROM "cats" WHERE "cats"."id" = ? LIMIT ?[0m  [["id", 1], ["LIMIT", 1]]
  ↳ app/controllers/cats_controller.rb:9
  Rendering cats/show.html.erb within layouts/application
  Rendered cats/show.html.erb within layouts/application (0.8ms)
Completed 200 OK in 25ms (Views: 8.6ms | ActiveRecord: 0.2ms)


Started GET "/cats/1" for ::1 at 2020-01-03 15:12:00 -0500
Processing by CatsController#show as HTML
  Parameters: {"id"=>"1"}
  [1m[36mCat Load (0.2ms)[0m  [1m[34mSELECT  "cats".* FROM "cats" WHERE "cats"."id" = ? LIMIT ?[0m  [["id", 1], ["LIMIT", 1]]
  ↳ app/controllers/cats_controller.rb:9
  Rendering cats/show.html.erb within layouts/application
  Rendered cats/show.html.erb within layouts/application (0.7ms)
Completed 200 OK in 9ms (Views: 5.4ms | ActiveRecord: 0.2ms)


Started GET "/cats/1" for ::1 at 2020-01-03 15:12:02 -0500
Processing by CatsController#show as HTML
  Parameters: {"id"=>"1"}
  [1m[36mCat Load (0.2ms)[0m  [1m[34mSELECT  "cats".* FROM "cats" WHERE "cats"."id" = ? LIMIT ?[0m  [["id", 1], ["LIMIT", 1]]
  ↳ app/controllers/cats_controller.rb:9
  Rendering cats/show.html.erb within layouts/application
  Rendered cats/show.html.erb within layouts/application (0.8ms)
Completed 200 OK in 25ms (Views: 23.6ms | ActiveRecord: 0.2ms)


Started GET "/cats/1" for ::1 at 2020-01-03 15:12:03 -0500
Processing by CatsController#show as HTML
  Parameters: {"id"=>"1"}
  [1m[36mCat Load (0.2ms)[0m  [1m[34mSELECT  "cats".* FROM "cats" WHERE "cats"."id" = ? LIMIT ?[0m  [["id", 1], ["LIMIT", 1]]
  ↳ app/controllers/cats_controller.rb:9
  Rendering cats/show.html.erb within layouts/application
  Rendered cats/show.html.erb within layouts/application (2.1ms)
Completed 200 OK in 17ms (Views: 15.2ms | ActiveRecord: 0.2ms)


Started GET "/cats" for ::1 at 2020-01-03 15:25:24 -0500
Processing by CatsController#index as HTML
  Rendering cats/index.html.erb within layouts/application
  [1m[36mCat Load (37.6ms)[0m  [1m[34mSELECT "cats".* FROM "cats"[0m
  ↳ app/views/cats/index.html.erb:4
  Rendered cats/index.html.erb within layouts/application (324.3ms)
Completed 200 OK in 415ms (Views: 337.6ms | ActiveRecord: 45.2ms)


Started GET "/cats/new" for ::1 at 2020-01-03 15:25:36 -0500
Processing by CatsController#new as HTML
  Rendering cats/new.html.erb within layouts/application
  Rendered cats/new.html.erb within layouts/application (1.3ms)
Completed 200 OK in 34ms (Views: 30.8ms | ActiveRecord: 0.0ms)


Started GET "/cats/new" for ::1 at 2020-01-03 15:35:29 -0500
Processing by CatsController#new as HTML
  Rendering cats/new.html.erb within layouts/application
  Rendered cats/new.html.erb within layouts/application (58.8ms)
Completed 500 Internal Server Error in 408ms (ActiveRecord: 2.3ms)



NoMethodError - undefined method `COLORS' for #<Cat:0x00007fc286c51ea8>
Did you mean?  color
               color=
               color?:
  app/views/cats/new.html.erb:17:in `_app_views_cats_new_html_erb__3623206456116313325_70236734211980'
  app/controllers/cats_controller.rb:15:in `new'

Started POST "/__better_errors/ce4cfb493ce02fc8/variables" for ::1 at 2020-01-03 15:35:30 -0500
Started GET "/cats/new" for ::1 at 2020-01-03 15:39:28 -0500
Processing by CatsController#new as HTML
  Rendering cats/new.html.erb within layouts/application
  Rendered cats/new.html.erb within layouts/application (1.5ms)
Completed 200 OK in 183ms (Views: 69.6ms | ActiveRecord: 3.8ms)


Started GET "/cats/new" for ::1 at 2020-01-03 15:44:01 -0500
Processing by CatsController#new as HTML
  Rendering cats/new.html.erb within layouts/application
  Rendered cats/new.html.erb within layouts/application (0.6ms)
Completed 200 OK in 128ms (Views: 127.1ms | ActiveRecord: 0.0ms)


Started GET "/" for ::1 at 2020-01-03 15:58:39 -0500
Processing by Rails::WelcomeController#index as HTML
  Rendering /Library/Ruby/Gems/2.6.0/gems/railties-5.2.4.1/lib/rails/templates/rails/welcome/index.html.erb
  Rendered /Library/Ruby/Gems/2.6.0/gems/railties-5.2.4.1/lib/rails/templates/rails/welcome/index.html.erb (14.0ms)
Completed 200 OK in 20ms (Views: 16.6ms | ActiveRecord: 0.0ms)


Started GET "/cats" for ::1 at 2020-01-03 15:58:47 -0500
Processing by CatsController#index as HTML
  Rendering cats/index.html.erb within layouts/application
  [1m[36mCat Load (1.4ms)[0m  [1m[34mSELECT "cats".* FROM "cats"[0m
  ↳ app/views/cats/index.html.erb:4
  Rendered cats/index.html.erb within layouts/application (8.5ms)
Completed 200 OK in 24ms (Views: 20.7ms | ActiveRecord: 1.4ms)


Started GET "/cats/new" for ::1 at 2020-01-03 15:58:52 -0500
Processing by CatsController#new as HTML
  Rendering cats/new.html.erb within layouts/application
  Rendered cats/new.html.erb within layouts/application (1.0ms)
Completed 200 OK in 7ms (Views: 6.2ms | ActiveRecord: 0.0ms)


Started GET "/cats/new" for ::1 at 2020-01-03 16:06:51 -0500
Processing by CatsController#new as HTML
  Rendering cats/new.html.erb within layouts/application
  Rendered cats/new.html.erb within layouts/application (95.4ms)
Completed 200 OK in 214ms (Views: 172.6ms | ActiveRecord: 0.0ms)


Started GET "/cats/new" for ::1 at 2020-01-03 16:07:40 -0500
Processing by CatsController#new as HTML
  Rendering cats/new.html.erb within layouts/application
  Rendered cats/new.html.erb within layouts/application (11.6ms)
Completed 200 OK in 24ms (Views: 21.2ms | ActiveRecord: 0.0ms)


Started POST "/cats" for ::1 at 2020-01-03 16:08:13 -0500

AbstractController::ActionNotFound - The action 'create' could not be found for CatsController:

Started POST "/__better_errors/1a242d0c98f8f749/variables" for ::1 at 2020-01-03 16:08:14 -0500
Started GET "/cats/new" for ::1 at 2020-01-03 16:15:13 -0500
Processing by CatsController#new as HTML
  Rendering cats/new.html.erb within layouts/application
  Rendered cats/new.html.erb within layouts/application (0.6ms)
Completed 200 OK in 87ms (Views: 19.3ms | ActiveRecord: 2.0ms)


Started POST "/cats" for ::1 at 2020-01-03 16:16:13 -0500
Processing by CatsController#create as HTML
  Parameters: {"cat"=>{"name"=>"Garfield", "sex"=>"M", "color"=>"orange", "birthdate"=>"2010-01-03", "description"=>"Loves lasagna!"}}
  [1m[35m (0.1ms)[0m  [1m[36mbegin transaction[0m
  ↳ app/controllers/cats_controller.rb:21
  [1m[36mCat Create (2.3ms)[0m  [1m[32mINSERT INTO "cats" ("name", "birthdate", "color", "sex", "description", "created_at", "updated_at") VALUES (?, ?, ?, ?, ?, ?, ?)[0m  [["name", "Garfield"], ["birthdate", "2010-01-03"], ["color", "orange"], ["sex", "M"], ["description", "Loves lasagna!"], ["created_at", "2020-01-03 21:16:13.374565"], ["updated_at", "2020-01-03 21:16:13.374565"]]
  ↳ app/controllers/cats_controller.rb:21
  [1m[35m (9.4ms)[0m  [1m[36mcommit transaction[0m
  ↳ app/controllers/cats_controller.rb:21
Redirected to http://localhost:3000/cats/2
Completed 302 Found in 33ms (ActiveRecord: 11.8ms)


Started GET "/cats/2" for ::1 at 2020-01-03 16:16:13 -0500
Processing by CatsController#show as HTML
  Parameters: {"id"=>"2"}
  [1m[36mCat Load (0.3ms)[0m  [1m[34mSELECT  "cats".* FROM "cats" WHERE "cats"."id" = ? LIMIT ?[0m  [["id", 2], ["LIMIT", 1]]
  ↳ app/controllers/cats_controller.rb:9
  Rendering cats/show.html.erb within layouts/application
  Rendered cats/show.html.erb within layouts/application (1.5ms)
Completed 200 OK in 28ms (Views: 24.2ms | ActiveRecord: 0.3ms)


Started GET "/cats/1" for ::1 at 2020-01-03 16:16:33 -0500
Processing by CatsController#show as HTML
  Parameters: {"id"=>"1"}
  [1m[36mCat Load (0.5ms)[0m  [1m[34mSELECT  "cats".* FROM "cats" WHERE "cats"."id" = ? LIMIT ?[0m  [["id", 1], ["LIMIT", 1]]
  ↳ app/controllers/cats_controller.rb:9
  Rendering cats/show.html.erb within layouts/application
  Rendered cats/show.html.erb within layouts/application (1.6ms)
Completed 200 OK in 13ms (Views: 9.9ms | ActiveRecord: 0.5ms)


Started GET "/cats/2" for ::1 at 2020-01-03 16:16:45 -0500
Processing by CatsController#show as HTML
  Parameters: {"id"=>"2"}
  [1m[36mCat Load (0.2ms)[0m  [1m[34mSELECT  "cats".* FROM "cats" WHERE "cats"."id" = ? LIMIT ?[0m  [["id", 2], ["LIMIT", 1]]
  ↳ app/controllers/cats_controller.rb:9
  Rendering cats/show.html.erb within layouts/application
  Rendered cats/show.html.erb within layouts/application (1.6ms)
Completed 200 OK in 17ms (Views: 14.8ms | ActiveRecord: 0.2ms)


Started GET "/cats/3" for ::1 at 2020-01-03 16:16:49 -0500
Processing by CatsController#show as HTML
  Parameters: {"id"=>"3"}
  [1m[36mCat Load (0.1ms)[0m  [1m[34mSELECT  "cats".* FROM "cats" WHERE "cats"."id" = ? LIMIT ?[0m  [["id", 3], ["LIMIT", 1]]
  ↳ app/controllers/cats_controller.rb:9
Completed 404 Not Found in 4ms (ActiveRecord: 0.1ms)



ActiveRecord::RecordNotFound - Couldn't find Cat with 'id'=3:
  app/controllers/cats_controller.rb:9:in `show'

Started POST "/__better_errors/51d1d40dde35ac51/variables" for ::1 at 2020-01-03 16:16:49 -0500
  [1m[36mCat Load (0.2ms)[0m  [1m[34mSELECT  "cats".* FROM "cats" ORDER BY "cats"."id" ASC LIMIT ? OFFSET ?[0m  [["LIMIT", 1], ["OFFSET", 1]]
  [1m[36mCat Load (0.6ms)[0m  [1m[34mSELECT  "cats".* FROM "cats" ORDER BY "cats"."id" ASC LIMIT ? OFFSET ?[0m  [["LIMIT", 1], ["OFFSET", 1]]
  [1m[36mCat Load (0.3ms)[0m  [1m[34mSELECT  "cats".* FROM "cats" ORDER BY "cats"."id" ASC LIMIT ?[0m  [["LIMIT", 1]]
  [1m[36mCat Load (0.5ms)[0m  [1m[34mSELECT  "cats".* FROM "cats" ORDER BY "cats"."id" ASC LIMIT ?[0m  [["LIMIT", 1]]
  [1m[36mCat Load (0.2ms)[0m  [1m[34mSELECT  "cats".* FROM "cats" ORDER BY "cats"."id" ASC LIMIT ? OFFSET ?[0m  [["LIMIT", 1], ["OFFSET", 1]]
  [1m[36mCat Load (0.2ms)[0m  [1m[34mSELECT  "cats".* FROM "cats" ORDER BY "cats"."id" ASC LIMIT ? OFFSET ?[0m  [["LIMIT", 1], ["OFFSET", 1]]
Started GET "/cats/2" for ::1 at 2020-01-03 16:22:44 -0500
Processing by CatsController#show as HTML
  Parameters: {"id"=>"2"}
  [1m[36mCat Load (0.2ms)[0m  [1m[34mSELECT  "cats".* FROM "cats" WHERE "cats"."id" = ? LIMIT ?[0m  [["id", 2], ["LIMIT", 1]]
  ↳ app/controllers/cats_controller.rb:9
  Rendering cats/show.html.erb within layouts/application
  Rendered cats/show.html.erb within layouts/application (10.9ms)
Completed 200 OK in 44ms (Views: 15.7ms | ActiveRecord: 1.4ms)


Started GET "/cats/2" for ::1 at 2020-01-03 16:22:49 -0500
Processing by CatsController#show as HTML
  Parameters: {"id"=>"2"}
  [1m[36mCat Load (0.5ms)[0m  [1m[34mSELECT  "cats".* FROM "cats" WHERE "cats"."id" = ? LIMIT ?[0m  [["id", 2], ["LIMIT", 1]]
  ↳ app/controllers/cats_controller.rb:9
  Rendering cats/show.html.erb within layouts/application
  Rendered cats/show.html.erb within layouts/application (2.1ms)
Completed 200 OK in 16ms (Views: 12.8ms | ActiveRecord: 0.5ms)


Started GET "/cats/2" for ::1 at 2020-01-03 16:22:50 -0500
Processing by CatsController#show as HTML
  Parameters: {"id"=>"2"}
  [1m[36mCat Load (0.2ms)[0m  [1m[34mSELECT  "cats".* FROM "cats" WHERE "cats"."id" = ? LIMIT ?[0m  [["id", 2], ["LIMIT", 1]]
  ↳ app/controllers/cats_controller.rb:9
  Rendering cats/show.html.erb within layouts/application
  Rendered cats/show.html.erb within layouts/application (1.1ms)
Completed 200 OK in 12ms (Views: 9.4ms | ActiveRecord: 0.2ms)


Started GET "/cats/1" for ::1 at 2020-01-03 16:22:53 -0500
Processing by CatsController#show as HTML
  Parameters: {"id"=>"1"}
  [1m[36mCat Load (0.2ms)[0m  [1m[34mSELECT  "cats".* FROM "cats" WHERE "cats"."id" = ? LIMIT ?[0m  [["id", 1], ["LIMIT", 1]]
  ↳ app/controllers/cats_controller.rb:9
  Rendering cats/show.html.erb within layouts/application
  Rendered cats/show.html.erb within layouts/application (4.8ms)
Completed 200 OK in 19ms (Views: 16.9ms | ActiveRecord: 0.2ms)


Started GET "/cats/2" for ::1 at 2020-01-03 16:22:56 -0500
Processing by CatsController#show as HTML
  Parameters: {"id"=>"2"}
  [1m[36mCat Load (0.2ms)[0m  [1m[34mSELECT  "cats".* FROM "cats" WHERE "cats"."id" = ? LIMIT ?[0m  [["id", 2], ["LIMIT", 1]]
  ↳ app/controllers/cats_controller.rb:9
  Rendering cats/show.html.erb within layouts/application
  Rendered cats/show.html.erb within layouts/application (4.2ms)
Completed 200 OK in 39ms (Views: 36.1ms | ActiveRecord: 0.2ms)


Started GET "/cats/1" for ::1 at 2020-01-03 16:23:00 -0500
Processing by CatsController#show as HTML
  Parameters: {"id"=>"1"}
  [1m[36mCat Load (0.2ms)[0m  [1m[34mSELECT  "cats".* FROM "cats" WHERE "cats"."id" = ? LIMIT ?[0m  [["id", 1], ["LIMIT", 1]]
  ↳ app/controllers/cats_controller.rb:9
  Rendering cats/show.html.erb within layouts/application
  Rendered cats/show.html.erb within layouts/application (5.7ms)
Completed 200 OK in 33ms (Views: 25.4ms | ActiveRecord: 0.2ms)


Started GET "/cats/1" for ::1 at 2020-01-03 16:23:41 -0500
Processing by CatsController#show as HTML
  Parameters: {"id"=>"1"}
  [1m[36mCat Load (0.6ms)[0m  [1m[34mSELECT  "cats".* FROM "cats" WHERE "cats"."id" = ? LIMIT ?[0m  [["id", 1], ["LIMIT", 1]]
  ↳ app/controllers/cats_controller.rb:9
  Rendering cats/show.html.erb within layouts/application
  Rendered cats/show.html.erb within layouts/application (0.4ms)
Completed 200 OK in 21ms (Views: 14.4ms | ActiveRecord: 0.6ms)


